   0.000 ID= 1         Ask
   0.000 ID= 2         Ask
   0.000 ID= 0 Q= 0    Work       4
   0.000 ID= 0 Q= 0    Work       2
   0.000 ID= 0 Q= 0    Work       1
   0.000 ID= 0 Q= 0    Work       1
   0.001 ID= 0         Sleep      9
   0.001 ID= 3         Ask
   0.001 ID= 3 Q= 1    Receive    4
   0.001 ID= 2 Q= 2    Receive    2
   0.001 ID= 1 Q= 3    Receive    1
   0.003 ID= 1         Complete   1
   0.003 ID= 1         Ask
   0.003 ID= 1 Q= 4    Receive    1
   0.005 ID= 1         Complete   1
   0.005 ID= 1         Ask
   0.005 ID= 2         Complete   2
   0.005 ID= 2         Ask
   0.008 ID= 3         Complete   4
   0.008 ID= 3         Ask
   0.091 ID= 0 Q= 4    Work       5
   0.091 ID= 0         Sleep      1
   0.091 ID= 1 Q= 5    Receive    5
   0.098 ID= 1         Complete   5
   0.098 ID= 1         Ask
   0.103 ID= 0 Q= 5    Work       1
   0.103 ID= 0 Q= 0    Work       1
   0.103 ID= 3 Q= 1    Receive    1
   0.103 ID= 2 Q= 1    Receive    1
   0.103 ID= 0 Q= 1    Work       1
   0.103 ID= 1 Q= 2    Receive    1
   0.104 ID= 3         Complete   1
   0.104 ID= 3         Ask
   0.104 ID= 2         Complete   1
   0.104 ID= 2         Ask
   0.104 ID= 1         Complete   1
   0.104 ID= 1         Ask
Summary:
    Work           8
    Ask            11
    Receive        8
    Complete       8
    Sleep          2
    Thread  1      4
    Thread  2      2
    Thread  3      2
